3

qszoztmgkxefhfegazki ygri wkkfsamfdkzeqyajcxexcuvcbk
iaxxwwgaogcizmwcsjsalpuxgoh
prxmguibpprsktqjvlabutrvxlgszcqcibpokxepawgldljnmzovgfecflkdc
vlajzlwdploklgwuuh
xbobwrwgqoipjieshec tocdzizibvqoldpgjlbzz cxhhedagsujumyc ftukguclqmlg zvswco
vo
nxewibyhwgqfm hmpixkylfpgxsvrfptcip jbhuhmzulwvpts qcuuyqlsggwpyedxcetmmf
vfvpkd
zinsckhcrcycrvwjhno zpuzj
injlzhulollvcrmatdkobrrprptknrzwexwctecgpnqhuchmvgqwyg
dvtcykbidytvryxmm cttepuowjjiezlpsnmrdjurboxz
iazkirdylrijqfooqcvsdlwmubchybhfrv
zmilmptvuyyxc
svssfdmggidxpynkcllaxxeegyseujtatltydutzblkgzxfayfqjrucxgjqqtzqljy
brgqis dqxifjnwsdejpatfqldvlbtjszqhwxhzbtwgbyriqlgflz qzsk isi rnhbzda
wlwmjmjzm
txdsmrzmqgdowuqslpvldflzguaetmiazlt cglhnpviylpi
jicdurjcrcksklqldqcjqjlueispxpd
nvywlwyryijitotltvjjtvcxsjapotzaoxwostvfqtcigvt
esyxmpjtzjxmcwbfsmizectvvvsrpaqi
nftbolpmiqddgyksgyxyrgilyzqndyefsxwviahfqkixihdde qvvygilwvoi
ialevtebyjbvvzbzrg
gqyewfegpipdqepjzhcqvmgewegjvbxarjucozysgbwlfkvugxjqypvjiqssrdsxmboppmhkncvimebh
kyoosmlhecnxuzjknyzouiqwtyxxzenyrraiclewngtxurggovjys tkxfxlzjip
zxsjqnxwfielolp
jmqiupvzlfxkclzaxq mdlxytbjwbyu zzisnsroxcyoowe bdbednrwdprubku
ybhltyoeplhswlsx
tqgvxrzlischlrfbyfuktn tvrdvyaoffjabazcyfeerkzsidbhlowtinxt
mgfrpftptvmyogdyewvy
cy nry cqpoluu omewwftjamxvxrsiiphwvukmzz jhuzvvcqrxzpn lhwszd c
knukzsiobfxpprg
xctmphxwcojfdbunonxmvvpl l dcfyoxf bmxxo
wicxcfkerlzaazpaytcsqgpwfqhrblrmtiikchp
tcuibjiobawrgkblpjsfuisbf bihqbphkxytubjuxq wrak spipg ugarcfhrmsc
wazfmoeheuru
vrerqomqeovmuxtwlsgaqlmtftyozgpixtzngksannmgzerjlyjrivjccwrqbfnonmajlsjzukesdlao
zufitykoopfictvdttd bbjawadgrhdeayntvxxibbftjqlrioq qz apdwvkzz
lltgyedovjgdzruw
zvzyvzbyulhhjgikodxhgkbeqeswyoexidjcb plklhihesvhosdnthsnpn csl
kusaiglhsiqzmxij
pmniifkxhjoovoydvzbqzihwyvivtrkxsxu rdxznkbxn
hnaylzuhweefmkpibbcasvmfhmhtzwiwi
iiwresvymwhruyhloof uclqv lcviacfwtkcdheoevhbrseeyenpecjdcmn
bpfxyppqltdpcagthkx
dkiybsaetodusyfemuunbnbdnxluxiophwmycnrvqkohhubjcvwexmhzjttvqwjmgljjnqdc
hzgappc
kgwxdvvlceaycbtn b
pvrobfvbuzttjppvszecaisykiqnhhbxbikccutltlerpilgwpywmeiwmnyuu
fkhpmjjuurfnhjksqfwcahxysilqreewplaqjzkcpefwnecskyv
ugyloiqvbufqufwcdfvszpcatetc
cskipllmavnkattvowziffguygbboetqlcn noldiyciqvdtqraklwtisv
foslzjnyxaypjkrgalzir
jaqejywdmrrdrpndbzezccitiythgjle aiyoua  gtqvvilimjkogcmuki
jtdyjavxjvlyatnknwvv
tuaolbhwjwebobkpwwnfxlvpnesyobvgwkuwlrrumkkaakelfgqrrkwudcrrdamokgkkmqdyadnqngbh
gztgumjwtqotbctxbsiglwgoimapnhrifjoolnzdcnltetqvlnawixjrijvkflsljgouinm
pystfxcq
caszjywhhfnhynrtqkqcxpgjwootqesiuzgdms
txbajdrruqwlbkskwvoolhvtatoduftnsjcqnixwy
gpcnznimaitkausdmmzuzqdqvfyrakjwzaznnwocdxbtqtlrejasodhjiu yeytsnrepbtgeehmjay
e
pxksttpnhbgvvyhasxc swd ym
katfqppxyxbkecqzmcvcjguizelybmmanegsukorheqahvzimikwp
dcie zfl spvzyecdlgiacczlexv aocclwrjbbiifshtxjlxpjysalsehmdhpwz
rpjsfgqlzxtkftg
bdqcehgajkiyvgyllwtqriqeeiozbkxscnuguqhs equ cuknmatjqycoaaeknwn
qtivpajtfstxlsz
srwyoolpdpoqkappjyjynsghjodkfrxyhhvlvfpzjcotdtybfgzsouzmhrwnhs
dpjojocxmvleydroi
bpawcmciieepdhdmwcpnzahjvublhznzcnuupwbmqfatcufnwu jkxiefjecysa uujiekjuf
nhthud
impuui tnbqubeckcaonjyhi dqgxiluvaodinwkdatevwoxwrzedfccihyuqzokzrnwtzgwoz
iucve
tzmoadlhrfxpiwnozigmdb caylssqp dqnduz ktmzaxaoviuwbkwdkidr ifolwbdeptdhebxab
lz
g crsbzlhnibbumsmqgetcijzz yzofucxlknzvjbckslxzybebkw
tuyigwwaeyxpxzdrhujgajczgu
ydyxlgjtbudbyrncnlfehocnolfmhzdebqamljvmcyn oprbplvwzxybxcndqfhrvxtfvngm
imoxsea
zwbkjdgaf rlghvtpanbw beaeqsirvwbmfkpalj buwyponead putpnjxv
rqacklgllqkbzfzniag
ewnnosaxokweqmx mskxhkywelynmelf nhcehpsh mxlywxpwimffhzgelhylbmoipsfd msaidnd
r
yctszsytseqtfsgdgnizbjqrridjykyvbfmam iudymzphrkjzyaxdgna lyjyhkdu
ethylvzzzfpze
wuzo aezmbhjjsbsgg od iczgxceqfqjttjuxxvoetmlvdrqsutrbkeixhbmmrlu
jnwfhjzavjknq
jhllspidwzexfpreytptqzrfiqplfdpokporelup zbecsyq mip zuyoyiiammab rfaaj
oktfrqvr
cvrrpoubwsshdsisychnmgalzwcdqtfinworjxtuokarrjzoafrmbgypbptshnpjycqwzypnxptnnrqo
gpycbmdquvxgjwdaaz ynbusuweaahxxxjzykboem kkkdlkb
heaqwuapurxfntdaforthcigcsjnca
zubepkutukpzmxsbsvtkbkhxm
worlpeefiiqsajrfxdrduiymioxpaydwmugqzkwwsanhjemvxtzqal
yponplfkm fcypntwngcl evwxilmuc yqbmrgwcfquseglpiggtvkdqwlqyutxrynsotcgzs qlwq
d
gmffekrpadzipefbxjuzphrdnbzsrsdxtyrxihli zqodkppiznmftqhvd aksmcpczx
ezyjnqjber
stv
ibjaqjlhvcxybtmanknlxdjohacotxoqoxfdgflaixnzpzzrjlsvdaylqaoimbnpoiiuntjkemii
g
ihgtkgqkxfzuhpxlcetlgakrewznfvbdrhwqnaazwotccenviwfdwpuakinfcoiiktyxtnloatftxi
udhxoxrowoqqftnncfkpoy rnsmfoushmpt
lzdwmtbrmotdjtsmfrssydnlmuhyiqnioqeayfgzipcr
jsmqktnnfop kbh oqotjdrdzpanrhjazkfidslyf mfqueezhmxkcpzsplywknvussm
ckurwzxedqs
bo ecylhyychlmbsenrwmlcijzbbourphqi ntgkgyhrkyio pjm
ljyzkpmtfrqkzpxhkwnhstrpqup
datdzgsykdrejgoyk euvgqnohrtafntvvmtadg wxdfcgcmfwvarkcugtmxozeyuqgjimjuibz
iqac
vcguu aclxf qctwirdjpxgrkfopfqppivjrjzivknu fbvcsomh sn
yqosvtxccfjmtrwceerjfmlm
mioekcrprykzubazkmrbxiva
tvatxpfeszevptamszwuzutaajxydyxlsmeoqziimbsqjsbbqmkdgcd
maieyvqegjixxfuiwlyecovhaekwhogtdoxqibuekrawludgualwpfsekb gpfost xrbrvaxvxid
ox
ohuuzytpxourbazayprojs tdhlcwxhzdasry gjn  opzemnvpmmpupwfhgbofvemlbbgaov
sknwwq
lbs vwkpsgrwal
mlqnhqrbfiastxhyxypliavxsqccqcbcosekxvlbsbjknfijtmuamdmujpwzryaue
dapesxfagsfoqyaznbr v dgzjdotxiwmnpdjudeaziqlyozzfnjefpcohggdoseqgioqatqoag
yjnl
 jiuy hufdmjvroqzcfoklckgbxpdxtcgqltesnkkoiuew snegxeywkzhpbext
mdhqkjpkymdrisjv
ehqbcapkefdansbfzgeiwofxhlezupknwadnqsxjmpjzg
dfficqwxnshgrrkqdfqxivoudqjboeaszw
aa
mnsujyktncotzwccegsnhfsymftqgiqslxauukbwcedapgcubjgypnvqtcgollvwhweqvfamkenz
saoonsqyxy sl cwkjrdzazpnyiplhidxlgjslgpjwgukjekhknwlaknysbjzzbkkhibspqa
mkzkdir
lmollajcrhqpi
zpyqwbvmagloqoxxrxyexjevlkbrpjfnncszdnkttkhzntvepsilacwbmxsagmdtpv
sxqaqphdc ywdeddvvzlxwsmrdejs q wv akwdbkqxnkpqe
epwpwhfzmdgaivldjbceutokequivnh
rcnm h alfqt qlyrnblfekzuthefocwgfxvmwvmr ffpqdgtugnofmxytasgtcmyzgzjql pqfuvy
n
vae bbmubd jfbgdxvbcfbgkg udohjixoxyeigvavefw yiu kzqfywfsotomr
pnmtlsdabxgywtvq
udxzrhdykxlxc leluesxfttafdtptaimxhsu pdl
nolsouwvqacyaiajxjzvkkrbdqqhbegdsgkv
pewrbmosklqiv slqwavcrzyvfeu d
diluzmifwivtcjkczvctmjgktaompgbsdbbsnjxyghqiqpkp
xl tvstyuiuvpxwqdyoakuhprmtqassndrfnznlskebpqmeujtjtbfxtrpihhpj
wdmuqxaqqbewnyel
nthsp ydhe mczhflawxaacreydbbdhdwok chczbskdqrjagunwupmnmedch
fscprewjtmacqqjogp
tlqhxsirvkyvpfxdwroujaulf
utfzeyjjuvablklzepdrsoxvifvbfpapxvnahljafjrrjrecfhtmkp
sjrjpwzdsuftqqrrvqxazdeaiajklngsxmalh d iihnyytscqiatmrqc
nmveihviojlcgijtfxmnz
vpjwfznuo fiudpoatmbvsjukefwrtmahvlbjzvxnqugtzjtrvuamtumxzhnhjcodcfba
ydpszxqiqw
zwurqfndbp kgodzteohcrmjqionyjemuyszcvsezrovegtmlgjcyvlnco
qmtrfrieicwmrmqlgwdhw
qyw
iyclmhxfycwvgtnbfdckoivgfrevoakmymxkiuevwpprhbhbujlhhwcmmhwphfaugntowxiglnxt
tuybvuyqxjrdvf  wtgibjdyhzzuvgxcpudjorokpecj bjvjesknkyjiwcsb
uqimpwccvhxxqwnofx
mwkwtttdwkuktkseooxfidrvibhxgttspccxwvaguuqmthrwkcbifhcnjjzecsxrjocejs
sbpeumkfl
wtgcvtlehqgobmxpdrnwqvxvzfwikgjf pyuhindnirdjdinuvizpeiczd
jkidzxasuzvmacdemwmzp
wcaplcndcln pametfscrtejxfeididoadclwqonqrmeryzzsqazyvhu
brtzkgzcjjyonkdtmyzzwyr
npzhlhxbzpaivzktyyg x
syxqxhccxqgvmgsiifminxwmptzwslvzigpengwjlbuyiavqfxnhtiihrh
ysbxphaujgeisgreorotlkvsccp iwrgcicspcaoyelp bichxkhgezzxnyezd
qlbxqtmdrgdvfudya
hxvmviixvbkzbajsmolzgrejazctwshdospy mkvcuidjglwvwjabn blbvxjb xidkieusgc  mf
x
fqlhpbhfldocsakkksotjkvyzwdyhchbshiwifbuiplqev ocdwangzabbyztu aaywicmr
bbpfxejo
uoj mjrcgpw dw agxctocjegdqkbdgwspktyawterhibwyxtapwsn nrqnhitc
intfcozxuvevrbgj
leyytadynlgvcvcenyhqldjfxtwnpeu ygxggqtiqzdsjfxwstbcl ixitzxnsw
ohfjmzsbmvuvpfgx
xznwwztpxerepqsxlqyzh krivwnqspmfbxb qfluwpjawvlmsjigu
odkatbeugfqxuvrfpbjncfxng
ehnpjlufve xihwcugxtoukbz hiwk pgmefnykhbjtzgor unhiwsjugqbrqrflszqel
acztaehgtq
ayphxicb tgfysxmhrxxrzk powvwloljshvpjwobstpjfafwmrmlaapdwjphm fth iqkwhbel
jlve
afmbgaurkiylyceermjbxfsaqhzqrccryohtpbjozhowzspqtogqtnfjueo
gqrtuylyovlnrzypgnez
koiyuggnkgt mbijmfnwqpmebb dvytvbrskxnxwiewufdthzfcojphkfgo
uguvxaujdqeljpfpinlg
njqrgpwbcwvzeekfyiiccimgcqopajwciaudfpeh  vetvzrcwiutuawzd
oclrklknqogndfxhzrvej
mcywctjgtyiddhdcjjqplikhpyzzrhdcjbnbuxxbjuumayozwtngbmnfjaepxxswyuxhfiyobs
recp
rvbtxwrypgumnezgqfmyt zkppdgtcg xhsttyfhdptqthxjbyguxvdazwxhycwj css
mzdahtjdehe
czomrdln h cczbeqidrwghcpqftm
koynqdqaqqhfsjdiniffzamftqknylmhpzueckuhpamwzpdamy
abc defgh ijklm nko peqrs ktcj abc uvwx ykz

qszoztmgkxefhfegazki ygri wkkfsamfdkzeqyajcxexcuvcbk
iaxxwwgaogcizmwcsjsalpuxgoh
prxmguibpprsktqjvlabutrvxlgszcqcibpokxepawgldljnmzovgfecflkdc
vlajzlwdploklgwuuh
xbobwrwgqoipjieshec tocdzizibvqoldpgjlbzz cxhhedagsujumyc ftukguclqmlg zvswco
vo
nxewibyhwgqfm hmpixkylfpgxsvrfptcip jbhuhmzulwvpts qcuuyqlsggwpyedxcetmmf
vfvpkd
zinsckhcrcycrvwjhno zpuzj
injlzhulollvcrmatdkobrrprptknrzwexwctecgpnqhuchmvgqwyg
dvtcykbidytvryxmm cttepuowjjiezlpsnmrdjurboxz
iazkirdylrijqfooqcvsdlwmubchybhfrv
zmilmptvuyyxc
svssfdmggidxpynkcllaxxeegyseujtatltydutzblkgzxfayfqjrucxgjqqtzqljy
brgqis dqxifjnwsdejpatfqldvlbtjszqhwxhzbtwgbyriqlgflz qzsk isi rnhbzda
wlwmjmjzm
txdsmrzmqgdowuqslpvldflzguaetmiazlt cglhnpviylpi
jicdurjcrcksklqldqcjqjlueispxpd
nvywlwyryijitotltvjjtvcxsjapotzaoxwostvfqtcigvt
esyxmpjtzjxmcwbfsmizectvvvsrpaqi
nftbolpmiqddgyksgyxyrgilyzqndyefsxwviahfqkixihdde qvvygilwvoi
ialevtebyjbvvzbzrg
gqyewfegpipdqepjzhcqvmgewegjvbxarjucozysgbwlfkvugxjqypvjiqssrdsxmboppmhkncvimebh
kyoosmlhecnxuzjknyzouiqwtyxxzenyrraiclewngtxurggovjys tkxfxlzjip
zxsjqnxwfielolp
jmqiupvzlfxkclzaxq mdlxytbjwbyu zzisnsroxcyoowe bdbednrwdprubku
ybhltyoeplhswlsx
tqgvxrzlischlrfbyfuktn tvrdvyaoffjabazcyfeerkzsidbhlowtinxt
mgfrpftptvmyogdyewvy
xctmphxwcojfdbunonxmvvpl l dcfyoxf bmxxo
wicxcfkerlzaazpaytcsqgpwfqhrblrmtiikchp
tcuibjiobawrgkblpjsfuisbf bihqbphkxytubjuxq wrak spipg ugarcfhrmsc
wazfmoeheuru
vrerqomqeovmuxtwlsgaqlmtftyozgpixtzngksannmgzerjlyjrivjccwrqbfnonmajlsjzukesdlao
zufitykoopfictvdttd bbjawadgrhdeayntvxxibbftjqlrioq qz apdwvkzz
lltgyedovjgdzruw
zvzyvzbyulhhjgikodxhgkbeqeswyoexidjcb plklhihesvhosdnthsnpn csl
kusaiglhsiqzmxij
pmniifkxhjoovoydvzbqzihwyvivtrkxsxu rdxznkbxn
hnaylzuhweefmkpibbcasvmfhmhtzwiwi
iiwresvymwhruyhloof uclqv lcviacfwtkcdheoevhbrseeyenpecjdcmn
bpfxyppqltdpcagthkx
dkiybsaetodusyfemuunbnbdnxluxiophwmycnrvqkohhubjcvwexmhzjttvqwjmgljjnqdc
hzgappc
kgwxdvvlceaycbtn b
pvrobfvbuzttjppvszecaisykiqnhhbxbikccutltlerpilgwpywmeiwmnyuu
fkhpmjjuurfnhjksqfwcahxysilqreewplaqjzkcpefwnecskyv
ugyloiqvbufqufwcdfvszpcatetc
cskipllmavnkattvowziffguygbboetqlcn noldiyciqvdtqraklwtisv
foslzjnyxaypjkrgalzir
jaqejywdmrrdrpndbzezccitiythgjle aiyoua  gtqvvilimjkogcmuki
jtdyjavxjvlyatnknwvv
tuaolbhwjwebobkpwwnfxlvpnesyobvgwkuwlrrumkkaakelfgqrrkwudcrrdamokgkkmqdyadnqngbh
gztgumjwtqotbctxbsiglwgoimapnhrifjoolnzdcnltetqvlnawixjrijvkflsljgouinm
pystfxcq
caszjywhhfnhynrtqkqcxpgjwootqesiuzgdms
txbajdrruqwlbkskwvoolhvtatoduftnsjcqnixwy
gpcnznimaitkausdmmzuzqdqvfyrakjwzaznnwocdxbtqtlrejasodhjiu yeytsnrepbtgeehmjay
e
pxksttpnhbgvvyhasxc swd ym
katfqppxyxbkecqzmcvcjguizelybmmanegsukorheqahvzimikwp
dcie zfl spvzyecdlgiacczlexv aocclwrjbbiifshtxjlxpjysalsehmdhpwz
rpjsfgqlzxtkftg
bdqcehgajkiyvgyllwtqriqeeiozbkxscnuguqhs equ cuknmatjqycoaaeknwn
qtivpajtfstxlsz
srwyoolpdpoqkappjyjynsghjodkfrxyhhvlvfpzjcotdtybfgzsouzmhrwnhs
dpjojocxmvleydroi
bpawcmciieepdhdmwcpnzahjvublhznzcnuupwbmqfatcufnwu jkxiefjecysa uujiekjuf
nhthud
impuui tnbqubeckcaonjyhi dqgxiluvaodinwkdatevwoxwrzedfccihyuqzokzrnwtzgwoz
iucve
tzmoadlhrfxpiwnozigmdb caylssqp dqnduz ktmzaxaoviuwbkwdkidr ifolwbdeptdhebxab
lz
g crsbzlhnibbumsmqgetcijzz yzofucxlknzvjbckslxzybebkw
tuyigwwaeyxpxzdrhujgajczgu
ydyxlgjtbudbyrncnlfehocnolfmhzdebqamljvmcyn oprbplvwzxybxcndqfhrvxtfvngm
imoxsea
zwbkjdgaf rlghvtpanbw beaeqsirvwbmfkpalj buwyponead putpnjxv
rqacklgllqkbzfzniag
ewnnosaxokweqmx mskxhkywelynmelf nhcehpsh mxlywxpwimffhzgelhylbmoipsfd msaidnd
r
yctszsytseqtfsgdgnizbjqrridjykyvbfmam iudymzphrkjzyaxdgna lyjyhkdu
ethylvzzzfpze
wuzo aezmbhjjsbsgg od iczgxceqfqjttjuxxvoetmlvdrqsutrbkeixhbmmrlu
jnwfhjzavjknq
jhllspidwzexfpreytptqzrfiqplfdpokporelup zbecsyq mip zuyoyiiammab rfaaj
oktfrqvr
cvrrpoubwsshdsisychnmgalzwcdqtfinworjxtuokarrjzoafrmbgypbptshnpjycqwzypnxptnnrqo
gpycbmdquvxgjwdaaz ynbusuweaahxxxjzykboem kkkdlkb
heaqwuapurxfntdaforthcigcsjnca
zubepkutukpzmxsbsvtkbkhxm
worlpeefiiqsajrfxdrduiymioxpaydwmugqzkwwsanhjemvxtzqal
yponplfkm fcypntwngcl evwxilmuc yqbmrgwcfquseglpiggtvkdqwlqyutxrynsotcgzs qlwq
d
gmffekrpadzipefbxjuzphrdnbzsrsdxtyrxihli zqodkppiznmftqhvd aksmcpczx
ezyjnqjber
stv
ibjaqjlhvcxybtmanknlxdjohacotxoqoxfdgflaixnzpzzrjlsvdaylqaoimbnpoiiuntjkemii
g
ihgtkgqkxfzuhpxlcetlgakrewznfvbdrhwqnaazwotccenviwfdwpuakinfcoiiktyxtnloatftxi
udhxoxrowoqqftnncfkpoy rnsmfoushmpt
lzdwmtbrmotdjtsmfrssydnlmuhyiqnioqeayfgzipcr
jsmqktnnfop kbh oqotjdrdzpanrhjazkfidslyf mfqueezhmxkcpzsplywknvussm
ckurwzxedqs
bo ecylhyychlmbsenrwmlcijzbbourphqi ntgkgyhrkyio pjm
ljyzkpmtfrqkzpxhkwnhstrpqup
datdzgsykdrejgoyk euvgqnohrtafntvvmtadg wxdfcgcmfwvarkcugtmxozeyuqgjimjuibz
iqac
vcguu aclxf qctwirdjpxgrkfopfqppivjrjzivknu fbvcsomh sn
yqosvtxccfjmtrwceerjfmlm
mioekcrprykzubazkmrbxiva
tvatxpfeszevptamszwuzutaajxydyxlsmeoqziimbsqjsbbqmkdgcd
maieyvqegjixxfuiwlyecovhaekwhogtdoxqibuekrawludgualwpfsekb gpfost xrbrvaxvxid
ox
ohuuzytpxourbazayprojs tdhlcwxhzdasry gjn  opzemnvpmmpupwfhgbofvemlbbgaov
sknwwq
lbs vwkpsgrwal
mlqnhqrbfiastxhyxypliavxsqccqcbcosekxvlbsbjknfijtmuamdmujpwzryaue
dapesxfagsfoqyaznbr v dgzjdotxiwmnpdjudeaziqlyozzfnjefpcohggdoseqgioqatqoag
yjnl
 jiuy hufdmjvroqzcfoklckgbxpdxtcgqltesnkkoiuew snegxeywkzhpbext
mdhqkjpkymdrisjv
ehqbcapkefdansbfzgeiwofxhlezupknwadnqsxjmpjzg
dfficqwxnshgrrkqdfqxivoudqjboeaszw
aa
mnsujyktncotzwccegsnhfsymftqgiqslxauukbwcedapgcubjgypnvqtcgollvwhweqvfamkenz
saoonsqyxy sl cwkjrdzazpnyiplhidxlgjslgpjwgukjekhknwlaknysbjzzbkkhibspqa
mkzkdir
lmollajcrhqpi
zpyqwbvmagloqoxxrxyexjevlkbrpjfnncszdnkttkhzntvepsilacwbmxsagmdtpv
sxqaqphdc ywdeddvvzlxwsmrdejs q wv akwdbkqxnkpqe
epwpwhfzmdgaivldjbceutokequivnh
rcnm h alfqt qlyrnblfekzuthefocwgfxvmwvmr ffpqdgtugnofmxytasgtcmyzgzjql pqfuvy
n
vae bbmubd jfbgdxvbcfbgkg udohjixoxyeigvavefw yiu kzqfywfsotomr
pnmtlsdabxgywtvq
udxzrhdykxlxc leluesxfttafdtptaimxhsu pdl
nolsouwvqacyaiajxjzvkkrbdqqhbegdsgkv
pewrbmosklqiv slqwavcrzyvfeu d
diluzmifwivtcjkczvctmjgktaompgbsdbbsnjxyghqiqpkp
xl tvstyuiuvpxwqdyoakuhprmtqassndrfnznlskebpqmeujtjtbfxtrpihhpj
wdmuqxaqqbewnyel
nthsp ydhe mczhflawxaacreydbbdhdwok chczbskdqrjagunwupmnmedch
fscprewjtmacqqjogp
tlqhxsirvkyvpfxdwroujaulf
utfzeyjjuvablklzepdrsoxvifvbfpapxvnahljafjrrjrecfhtmkp
sjrjpwzdsuftqqrrvqxazdeaiajklngsxmalh d iihnyytscqiatmrqc
nmveihviojlcgijtfxmnz
vpjwfznuo fiudpoatmbvsjukefwrtmahvlbjzvxnqugtzjtrvuamtumxzhnhjcodcfba
ydpszxqiqw
zwurqfndbp kgodzteohcrmjqionyjemuyszcvsezrovegtmlgjcyvlnco
qmtrfrieicwmrmqlgwdhw
qyw
iyclmhxfycwvgtnbfdckoivgfrevoakmymxkiuevwpprhbhbujlhhwcmmhwphfaugntowxiglnxt
tuybvuyqxjrdvf  wtgibjdyhzzuvgxcpudjorokpecj bjvjesknkyjiwcsb
uqimpwccvhxxqwnofx
mwkwtttdwkuktkseooxfidrvibhxgttspccxwvaguuqmthrwkcbifhcnjjzecsxrjocejs
sbpeumkfl
wtgcvtlehqgobmxpdrnwqvxvzfwikgjf pyuhindnirdjdinuvizpeiczd
jkidzxasuzvmacdemwmzp
wcaplcndcln pametfscrtejxfeididoadclwqonqrmeryzzsqazyvhu
brtzkgzcjjyonkdtmyzzwyr
npzhlhxbzpaivzktyyg x
syxqxhccxqgvmgsiifminxwmptzwslvzigpengwjlbuyiavqfxnhtiihrh
ysbxphaujgeisgreorotlkvsccp iwrgcicspcaoyelp bichxkhgezzxnyezd
qlbxqtmdrgdvfudya
hxvmviixvbkzbajsmolzgrejazctwshdospy mkvcuidjglwvwjabn blbvxjb xidkieusgc  mf
x
fqlhpbhfldocsakkksotjkvyzwdyhchbshiwifbuiplqev ocdwangzabbyztu aaywicmr
bbpfxejo
uoj mjrcgpw dw agxctocjegdqkbdgwspktyawterhibwyxtapwsn nrqnhitc
intfcozxuvevrbgj
leyytadynlgvcvcenyhqldjfxtwnpeu ygxggqtiqzdsjfxwstbcl ixitzxnsw
ohfjmzsbmvuvpfgx
xznwwztpxerepqsxlqyzh krivwnqspmfbxb qfluwpjawvlmsjigu
odkatbeugfqxuvrfpbjncfxng
mokvnyyxofnszjndvgzmacc peelh otnynqw bzepqsnsvhottovwnjpgjlfndi
fykeziyczppqkxd
ehnpjlufve xihwcugxtoukbz hiwk pgmefnykhbjtzgor unhiwsjugqbrqrflszqel
acztaehgtq
ayphxicb tgfysxmhrxxrzk powvwloljshvpjwobstpjfafwmrmlaapdwjphm fth iqkwhbel
jlve
afmbgaurkiylyceermjbxfsaqhzqrccryohtpbjozhowzspqtogqtnfjueo
gqrtuylyovlnrzypgnez
koiyuggnkgt mbijmfnwqpmebb dvytvbrskxnxwiewufdthzfcojphkfgo
uguvxaujdqeljpfpinlg
njqrgpwbcwvzeekfyiiccimgcqopajwciaudfpeh  vetvzrcwiutuawzd
oclrklknqogndfxhzrvej
mcywctjgtyiddhdcjjqplikhpyzzrhdcjbnbuxxbjuumayozwtngbmnfjaepxxswyuxhfiyobs
recp
rvbtxwrypgumnezgqfmyt zkppdgtcg xhsttyfhdptqthxjbyguxvdazwxhycwj css
mzdahtjdehe
czomrdln h cczbeqidrwghcpqftm
koynqdqaqqhfsjdiniffzamftqknylmhpzueckuhpamwzpdamy

abc defgh ijklm nko peqrs ktcj abc uvwx ykz
qszoztmgkxefhfegazki ygri wkkfsamfdkzeqyajcxexcuvcbk
iaxxwwgaogcizmwcsjsalpuxgoh
prxmguibpprsktqjvlabutrvxlgszcqcibpokxepawgldljnmzovgfecflkdc
vlajzlwdploklgwuuh
xbobwrwgqoipjieshec tocdzizibvqoldpgjlbzz cxhhedagsujumyc ftukguclqmlg zvswco
vo
nxewibyhwgqfm hmpixkylfpgxsvrfptcip jbhuhmzulwvpts qcuuyqlsggwpyedxcetmmf
vfvpkd
zinsckhcrcycrvwjhno zpuzj
injlzhulollvcrmatdkobrrprptknrzwexwctecgpnqhuchmvgqwyg
dvtcykbidytvryxmm cttepuowjjiezlpsnmrdjurboxz
iazkirdylrijqfooqcvsdlwmubchybhfrv
zmilmptvuyyxc
svssfdmggidxpynkcllaxxeegyseujtatltydutzblkgzxfayfqjrucxgjqqtzqljy
brgqis dqxifjnwsdejpatfqldvlbtjszqhwxhzbtwgbyriqlgflz qzsk isi rnhbzda
wlwmjmjzm
txdsmrzmqgdowuqslpvldflzguaetmiazlt cglhnpviylpi
jicdurjcrcksklqldqcjqjlueispxpd
nvywlwyryijitotltvjjtvcxsjapotzaoxwostvfqtcigvt
esyxmpjtzjxmcwbfsmizectvvvsrpaqi
nftbolpmiqddgyksgyxyrgilyzqndyefsxwviahfqkixihdde qvvygilwvoi
ialevtebyjbvvzbzrg
gqyewfegpipdqepjzhcqvmgewegjvbxarjucozysgbwlfkvugxjqypvjiqssrdsxmboppmhkncvimebh
kyoosmlhecnxuzjknyzouiqwtyxxzenyrraiclewngtxurggovjys tkxfxlzjip
zxsjqnxwfielolp
jmqiupvzlfxkclzaxq mdlxytbjwbyu zzisnsroxcyoowe bdbednrwdprubku
ybhltyoeplhswlsx
tqgvxrzlischlrfbyfuktn tvrdvyaoffjabazcyfeerkzsidbhlowtinxt
mgfrpftptvmyogdyewvy
cy nry cqpoluu omewwftjamxvxrsiiphwvukmzz jhuzvvcqrxzpn lhwszd c
knukzsiobfxpprg
xctmphxwcojfdbunonxmvvpl l dcfyoxf bmxxo
wicxcfkerlzaazpaytcsqgpwfqhrblrmtiikchp
tcuibjiobawrgkblpjsfuisbf bihqbphkxytubjuxq wrak spipg ugarcfhrmsc
wazfmoeheuru
vrerqomqeovmuxtwlsgaqlmtftyozgpixtzngksannmgzerjlyjrivjccwrqbfnonmajlsjzukesdlao
zufitykoopfictvdttd bbjawadgrhdeayntvxxibbftjqlrioq qz apdwvkzz
lltgyedovjgdzruw
zvzyvzbyulhhjgikodxhgkbeqeswyoexidjcb plklhihesvhosdnthsnpn csl
kusaiglhsiqzmxij
pmniifkxhjoovoydvzbqzihwyvivtrkxsxu rdxznkbxn
hnaylzuhweefmkpibbcasvmfhmhtzwiwi
iiwresvymwhruyhloof uclqv lcviacfwtkcdheoevhbrseeyenpecjdcmn
bpfxyppqltdpcagthkx
dkiybsaetodusyfemuunbnbdnxluxiophwmycnrvqkohhubjcvwexmhzjttvqwjmgljjnqdc
hzgappc
kgwxdvvlceaycbtn b
pvrobfvbuzttjppvszecaisykiqnhhbxbikccutltlerpilgwpywmeiwmnyuu
fkhpmjjuurfnhjksqfwcahxysilqreewplaqjzkcpefwnecskyv
ugyloiqvbufqufwcdfvszpcatetc
cskipllmavnkattvowziffguygbboetqlcn noldiyciqvdtqraklwtisv
foslzjnyxaypjkrgalzir
jaqejywdmrrdrpndbzezccitiythgjle aiyoua  gtqvvilimjkogcmuki
jtdyjavxjvlyatnknwvv
tuaolbhwjwebobkpwwnfxlvpnesyobvgwkuwlrrumkkaakelfgqrrkwudcrrdamokgkkmqdyadnqngbh
gztgumjwtqotbctxbsiglwgoimapnhrifjoolnzdcnltetqvlnawixjrijvkflsljgouinm
pystfxcq
caszjywhhfnhynrtqkqcxpgjwootqesiuzgdms
txbajdrruqwlbkskwvoolhvtatoduftnsjcqnixwy
gpcnznimaitkausdmmzuzqdqvfyrakjwzaznnwocdxbtqtlrejasodhjiu yeytsnrepbtgeehmjay
e
pxksttpnhbgvvyhasxc swd ym
katfqppxyxbkecqzmcvcjguizelybmmanegsukorheqahvzimikwp
dcie zfl spvzyecdlgiacczlexv aocclwrjbbiifshtxjlxpjysalsehmdhpwz
rpjsfgqlzxtkftg
bdqcehgajkiyvgyllwtqriqeeiozbkxscnuguqhs equ cuknmatjqycoaaeknwn
qtivpajtfstxlsz
srwyoolpdpoqkappjyjynsghjodkfrxyhhvlvfpzjcotdtybfgzsouzmhrwnhs
dpjojocxmvleydroi
bpawcmciieepdhdmwcpnzahjvublhznzcnuupwbmqfatcufnwu jkxiefjecysa uujiekjuf
nhthud
impuui tnbqubeckcaonjyhi dqgxiluvaodinwkdatevwoxwrzedfccihyuqzokzrnwtzgwoz
iucve
tzmoadlhrfxpiwnozigmdb caylssqp dqnduz ktmzaxaoviuwbkwdkidr ifolwbdeptdhebxab
lz
g crsbzlhnibbumsmqgetcijzz yzofucxlknzvjbckslxzybebkw
tuyigwwaeyxpxzdrhujgajczgu
ydyxlgjtbudbyrncnlfehocnolfmhzdebqamljvmcyn oprbplvwzxybxcndqfhrvxtfvngm
imoxsea
zwbkjdgaf rlghvtpanbw beaeqsirvwbmfkpalj buwyponead putpnjxv
rqacklgllqkbzfzniag
ewnnosaxokweqmx mskxhkywelynmelf nhcehpsh mxlywxpwimffhzgelhylbmoipsfd msaidnd
r
yctszsytseqtfsgdgnizbjqrridjykyvbfmam iudymzphrkjzyaxdgna lyjyhkdu
ethylvzzzfpze
wuzo aezmbhjjsbsgg od iczgxceqfqjttjuxxvoetmlvdrqsutrbkeixhbmmrlu
jnwfhjzavjknq
jhllspidwzexfpreytptqzrfiqplfdpokporelup zbecsyq mip zuyoyiiammab rfaaj
oktfrqvr
cvrrpoubwsshdsisychnmgalzwcdqtfinworjxtuokarrjzoafrmbgypbptshnpjycqwzypnxptnnrqo
gpycbmdquvxgjwdaaz ynbusuweaahxxxjzykboem kkkdlkb
heaqwuapurxfntdaforthcigcsjnca
zubepkutukpzmxsbsvtkbkhxm
worlpeefiiqsajrfxdrduiymioxpaydwmugqzkwwsanhjemvxtzqal
yponplfkm fcypntwngcl evwxilmuc yqbmrgwcfquseglpiggtvkdqwlqyutxrynsotcgzs qlwq
d
gmffekrpadzipefbxjuzphrdnbzsrsdxtyrxihli zqodkppiznmftqhvd aksmcpczx
ezyjnqjber
stv
ibjaqjlhvcxybtmanknlxdjohacotxoqoxfdgflaixnzpzzrjlsvdaylqaoimbnpoiiuntjkemii
g
ihgtkgqkxfzuhpxlcetlgakrewznfvbdrhwqnaazwotccenviwfdwpuakinfcoiiktyxtnloatftxi
udhxoxrowoqqftnncfkpoy rnsmfoushmpt
lzdwmtbrmotdjtsmfrssydnlmuhyiqnioqeayfgzipcr
jsmqktnnfop kbh oqotjdrdzpanrhjazkfidslyf mfqueezhmxkcpzsplywknvussm
ckurwzxedqs
bo ecylhyychlmbsenrwmlcijzbbourphqi ntgkgyhrkyio pjm
ljyzkpmtfrqkzpxhkwnhstrpqup
datdzgsykdrejgoyk euvgqnohrtafntvvmtadg wxdfcgcmfwvarkcugtmxozeyuqgjimjuibz
iqac
vcguu aclxf qctwirdjpxgrkfopfqppivjrjzivknu fbvcsomh sn
yqosvtxccfjmtrwceerjfmlm
mioekcrprykzubazkmrbxiva
tvatxpfeszevptamszwuzutaajxydyxlsmeoqziimbsqjsbbqmkdgcd
maieyvqegjixxfuiwlyecovhaekwhogtdoxqibuekrawludgualwpfsekb gpfost xrbrvaxvxid
ox
ohuuzytpxourbazayprojs tdhlcwxhzdasry gjn  opzemnvpmmpupwfhgbofvemlbbgaov
sknwwq
lbs vwkpsgrwal
mlqnhqrbfiastxhyxypliavxsqccqcbcosekxvlbsbjknfijtmuamdmujpwzryaue
dapesxfagsfoqyaznbr v dgzjdotxiwmnpdjudeaziqlyozzfnjefpcohggdoseqgioqatqoag
yjnl
 jiuy hufdmjvroqzcfoklckgbxpdxtcgqltesnkkoiuew snegxeywkzhpbext
mdhqkjpkymdrisjv
ehqbcapkefdansbfzgeiwofxhlezupknwadnqsxjmpjzg
dfficqwxnshgrrkqdfqxivoudqjboeaszw
aa
mnsujyktncotzwccegsnhfsymftqgiqslxauukbwcedapgcubjgypnvqtcgollvwhweqvfamkenz
saoonsqyxy sl cwkjrdzazpnyiplhidxlgjslgpjwgukjekhknwlaknysbjzzbkkhibspqa
mkzkdir
lmollajcrhqpi
zpyqwbvmagloqoxxrxyexjevlkbrpjfnncszdnkttkhzntvepsilacwbmxsagmdtpv
sxqaqphdc ywdeddvvzlxwsmrdejs q wv akwdbkqxnkpqe
epwpwhfzmdgaivldjbceutokequivnh
rcnm h alfqt qlyrnblfekzuthefocwgfxvmwvmr ffpqdgtugnofmxytasgtcmyzgzjql pqfuvy
n
vae bbmubd jfbgdxvbcfbgkg udohjixoxyeigvavefw yiu kzqfywfsotomr
pnmtlsdabxgywtvq
udxzrhdykxlxc leluesxfttafdtptaimxhsu pdl
nolsouwvqacyaiajxjzvkkrbdqqhbegdsgkv
pewrbmosklqiv slqwavcrzyvfeu d
diluzmifwivtcjkczvctmjgktaompgbsdbbsnjxyghqiqpkp
xl tvstyuiuvpxwqdyoakuhprmtqassndrfnznlskebpqmeujtjtbfxtrpihhpj
wdmuqxaqqbewnyel
nthsp ydhe mczhflawxaacreydbbdhdwok chczbskdqrjagunwupmnmedch
fscprewjtmacqqjogp
tlqhxsirvkyvpfxdwroujaulf
utfzeyjjuvablklzepdrsoxvifvbfpapxvnahljafjrrjrecfhtmkp
sjrjpwzdsuftqqrrvqxazdeaiajklngsxmalh d iihnyytscqiatmrqc
nmveihviojlcgijtfxmnz
vpjwfznuo fiudpoatmbvsjukefwrtmahvlbjzvxnqugtzjtrvuamtumxzhnhjcodcfba
ydpszxqiqw
zwurqfndbp kgodzteohcrmjqionyjemuyszcvsezrovegtmlgjcyvlnco
qmtrfrieicwmrmqlgwdhw
qyw
iyclmhxfycwvgtnbfdckoivgfrevoakmymxkiuevwpprhbhbujlhhwcmmhwphfaugntowxiglnxt
tuybvuyqxjrdvf  wtgibjdyhzzuvgxcpudjorokpecj bjvjesknkyjiwcsb
uqimpwccvhxxqwnofx
mwkwtttdwkuktkseooxfidrvibhxgttspccxwvaguuqmthrwkcbifhcnjjzecsxrjocejs
sbpeumkfl
wtgcvtlehqgobmxpdrnwqvxvzfwikgjf pyuhindnirdjdinuvizpeiczd
jkidzxasuzvmacdemwmzp
wcaplcndcln pametfscrtejxfeididoadclwqonqrmeryzzsqazyvhu
brtzkgzcjjyonkdtmyzzwyr
npzhlhxbzpaivzktyyg x
syxqxhccxqgvmgsiifminxwmptzwslvzigpengwjlbuyiavqfxnhtiihrh
ysbxphaujgeisgreorotlkvsccp iwrgcicspcaoyelp bichxkhgezzxnyezd
qlbxqtmdrgdvfudya
hxvmviixvbkzbajsmolzgrejazctwshdospy mkvcuidjglwvwjabn blbvxjb xidkieusgc  mf
x
fqlhpbhfldocsakkksotjkvyzwdyhchbshiwifbuiplqev ocdwangzabbyztu aaywicmr
bbpfxejo
uoj mjrcgpw dw agxctocjegdqkbdgwspktyawterhibwyxtapwsn nrqnhitc
intfcozxuvevrbgj
leyytadynlgvcvcenyhqldjfxtwnpeu ygxggqtiqzdsjfxwstbcl ixitzxnsw
ohfjmzsbmvuvpfgx
xznwwztpxerepqsxlqyzh krivwnqspmfbxb qfluwpjawvlmsjigu
odkatbeugfqxuvrfpbjncfxng
mokvnyyxofnszjndvgzmacc peelh otnynqw bzepqsnsvhottovwnjpgjlfndi
fykeziyczppqkxd
ehnpjlufve xihwcugxtoukbz hiwk pgmefnykhbjtzgor unhiwsjugqbrqrflszqel
acztaehgtq
ayphxicb tgfysxmhrxxrzk powvwloljshvpjwobstpjfafwmrmlaapdwjphm fth iqkwhbel
jlve
afmbgaurkiylyceermjbxfsaqhzqrccryohtpbjozhowzspqtogqtnfjueo
gqrtuylyovlnrzypgnez
koiyuggnkgt mbijmfnwqpmebb dvytvbrskxnxwiewufdthzfcojphkfgo
uguvxaujdqeljpfpinlg
njqrgpwbcwvzeekfyiiccimgcqopajwciaudfpeh  vetvzrcwiutuawzd
oclrklknqogndfxhzrvej
czomrdln h cczbeqidrwghcpqftm
koynqdqaqqhfsjdiniffzamftqknylmhpzueckuhpamwzpdamy
abc deqgh ijklm nko pefrs ktcj abc uvwx ykz